200
200
192
192
168
168
188
188
184
184
204
204
184
184
176
176
172
172
208
208
192
192
184
184
212
212
200
200
200
200
192
192
188
188
192
192
204
204
172
172
200
200
204
204
160
160
208
208
204
204
204
204
176
176
188
188
208
208
188
188
208
208
196
196
192
192
180
180
196
196
172
172
208
208
196
196
200
200
196
196
188
188
196
196
176
176
208
208
208
208
204
204
208
208
184
184
208
208
196
196
204
204
192
192
212
212
188
188
176
176
208
208
200
200
172
172
200
200
180
180
200
200
196
196
160
160
208
208
204
204
196
196
184
184
208
208
204
204
196
196
152
152
200
200
192
192
200
200
200
200
204
204
200
200
192
192
200
200
192
192
192
192
208
208
212
212
180
180
172
172
180
180
216
216
200
200
188
188
188
188
216
216
200
200
188
188
200
200
200
200
164
164
212
212
204
204
188
188
192
192
