56
0
38
0
45
0
37
0
38
0
43
0
43
0
37
0
44
0
61
0
43
0
40
0
48
0
47
0
40
0
51
0
45
0
43
0
39
0
28
0
47
0
50
0
51
0
50
0
46
0
33
0
37
0
38
0
54
0
44
0
44
0
38
0
39
0
53
0
49
0
37
0
47
0
47
0
45
0
22
0
39
0
40
0
35
0
54
0
61
0
42
0
50
0
34
0
52
0
66
0
46
0
44
0
57
0
42
0
43
0
43
0
42
0
38
0
39
0
29
0
41
0
45
0
36
0
44
0
42
0
34
0
37
0
50
0
37
0
40
0
35
0
46
0
36
0
44
0
42
0
48
0
36
0
47
0
47
0
48
0
37
0
42
0
44
0
43
0
30
0
41
0
43
0
39
0
47
0
37
0
37
0
43
0
38
0
51
0
40
0
26
0
43
0
42
0
35
0
52
0
